DEBUG:root:Connecting to sqlite
DEBUG:root:Database connection established.
INFO:root:Constructing parser
DEBUG:root:Constructing create subparser
DEBUG:root:Constructing put subparser
DEBUG:root:Constructing get subparser
DEBUG:root:Constructing catalog subparser
DEBUG:root:Constructing search subparser
DEBUG:root:Connecting to sqlite
DEBUG:root:Database connection established.
INFO:root:Constructing parser
DEBUG:root:Constructing create subparser
DEBUG:root:Constructing put subparser
DEBUG:root:Constructing get subparser
DEBUG:root:Constructing catalog subparser
DEBUG:root:Constructing search subparser
DEBUG:root:Connecting to sqlite
DEBUG:root:Database connection established.
INFO:root:Constructing parser
DEBUG:root:Constructing create subparser
DEBUG:root:Constructing put subparser
DEBUG:root:Constructing get subparser
DEBUG:root:Constructing catalog subparser
DEBUG:root:Constructing search subparser
INFO:root:retrieving all snippets
DEBUG:root:Connecting to sqlite
DEBUG:root:Database connection established.
INFO:root:Constructing parser
DEBUG:root:Constructing create subparser
DEBUG:root:Constructing put subparser
DEBUG:root:Constructing get subparser
DEBUG:root:Constructing catalog subparser
DEBUG:root:Constructing search subparser
INFO:root:Storing snippet 'Perth': 'We had a visit to bays island and meet old folks'
DEBUG:root:Snippet stored successfully.
DEBUG:root:Connecting to sqlite
DEBUG:root:Database connection established.
INFO:root:Constructing parser
DEBUG:root:Constructing create subparser
DEBUG:root:Constructing put subparser
DEBUG:root:Constructing get subparser
DEBUG:root:Constructing catalog subparser
DEBUG:root:Constructing search subparser
INFO:root:Storing snippet 'Cairns': 'We did mountain climbing'
DEBUG:root:Snippet stored successfully.
DEBUG:root:Connecting to sqlite
DEBUG:root:Database connection established.
INFO:root:Constructing parser
DEBUG:root:Constructing create subparser
DEBUG:root:Constructing put subparser
DEBUG:root:Constructing get subparser
DEBUG:root:Constructing catalog subparser
DEBUG:root:Constructing search subparser
INFO:root:retrieving all snippets
DEBUG:root:Connecting to sqlite
DEBUG:root:Database connection established.
INFO:root:Constructing parser
DEBUG:root:Constructing create subparser
DEBUG:root:Constructing put subparser
DEBUG:root:Constructing get subparser
DEBUG:root:Constructing catalog subparser
DEBUG:root:Constructing search subparser
INFO:root:Storing snippet 'Melbourne': 'A beautiful place to be'
DEBUG:root:Snippet stored successfully.
DEBUG:root:Connecting to sqlite
DEBUG:root:Database connection established.
INFO:root:Constructing parser
DEBUG:root:Constructing create subparser
DEBUG:root:Constructing put subparser
DEBUG:root:Constructing get subparser
DEBUG:root:Constructing catalog subparser
DEBUG:root:Constructing search subparser
INFO:root:retrieving a snippet 'Melbourne'
DEBUG:root:Snippet retrieved successfully.
DEBUG:root:Connecting to sqlite
DEBUG:root:Database connection established.
INFO:root:Constructing parser
DEBUG:root:Constructing create subparser
DEBUG:root:Constructing put subparser
DEBUG:root:Constructing get subparser
DEBUG:root:Constructing catalog subparser
DEBUG:root:Constructing search subparser
INFO:root:Storing snippet 'Melbourne': 'A beautiful place to be'
DEBUG:root:Snippet stored successfully.
DEBUG:root:Connecting to sqlite
DEBUG:root:Database connection established.
INFO:root:Constructing parser
DEBUG:root:Constructing create subparser
DEBUG:root:Constructing put subparser
DEBUG:root:Constructing get subparser
DEBUG:root:Constructing catalog subparser
DEBUG:root:Constructing search subparser
INFO:root:retrieving a snippet 'Melbourne'
DEBUG:root:Snippet retrieved successfully.
DEBUG:root:Connecting to sqlite
DEBUG:root:Database connection established.
INFO:root:Constructing parser
DEBUG:root:Constructing create subparser
DEBUG:root:Constructing put subparser
DEBUG:root:Constructing get subparser
DEBUG:root:Constructing catalog subparser
DEBUG:root:Constructing search subparser
